<?xml version="1.0" encoding="UTF-8"?>
<!-- Generated by org.testng.reporters.JUnitReportReporter -->
<testsuite hostname="MacBook-Air.local" name="demo.Baseclass" tests="10" failures="0" timestamp="2 May 2016 10:05:28 GMT" time="0.002" errors="0">
  <testcase name="methodSix" time="0.000" classname="demo.Baseclass"/>
  <testcase name="methodSix" time="0.000" classname="demo.Baseclass"/>
  <testcase name="methodTwo" time="0.000" classname="demo.Baseclass"/>
  <testcase name="methodSeven" time="0.000" classname="demo.Baseclass"/>
  <testcase name="methodfive" time="0.000" classname="demo.Baseclass"/>
  <testcase name="methodOne" time="0.000" classname="demo.Baseclass"/>
  <testcase name="methodTwo" time="0.000" classname="demo.Baseclass"/>
  <testcase name="methodSeven" time="0.001" classname="demo.Baseclass"/>
  <testcase name="methodOne" time="0.000" classname="demo.Baseclass"/>
  <testcase name="methodfive" time="0.001" classname="demo.Baseclass"/>
</testsuite> <!-- demo.Baseclass -->
