<?xml version="1.0" encoding="UTF-8"?>
<!-- Generated by org.testng.reporters.JUnitReportReporter -->
<testsuite hostname="MacBook-Air.local" name="demo.GridDemo" tests="2" failures="0" timestamp="8 May 2016 02:35:56 GMT" time="3.220" errors="0">
  <testcase name="test4" time="0.258" classname="demo.GridDemo"/>
  <testcase name="test1" time="2.962" classname="demo.GridDemo"/>
</testsuite> <!-- demo.GridDemo -->
