<?xml version="1.0" encoding="UTF-8"?>
<!-- Generated by org.testng.reporters.JUnitReportReporter -->
<testsuite hostname="MacBook-Air.local" name="demo.Nashville" tests="1" failures="0" timestamp="13 May 2016 10:47:02 GMT" time="103.505" errors="0">
  <testcase name="nashVille" time="103.505" classname="demo.Nashville"/>
</testsuite> <!-- demo.Nashville -->
