<?xml version="1.0" encoding="UTF-8"?>
<!-- Generated by org.testng.reporters.JUnitReportReporter -->
<testsuite hostname="MacBook-Air.local" name="demo.WebTableExample" tests="1" failures="0" timestamp="23 May 2016 06:54:40 GMT" time="107.261" errors="0">
  <testcase name="webtableExp" time="107.261" classname="demo.WebTableExample"/>
</testsuite> <!-- demo.WebTableExample -->
