<?xml version="1.0" encoding="UTF-8"?>
<!-- Generated by org.testng.reporters.JUnitReportReporter -->
<testsuite hostname="MacBook-Air.local" name="demo.ClassTwo" tests="2" failures="0" timestamp="16 Apr 2016 02:45:36 GMT" time="0.007" errors="0">
  <testcase name="methodFour" time="0.001" classname="demo.ClassTwo"/>
  <testcase name="methodThree" time="0.006" classname="demo.ClassTwo"/>
</testsuite> <!-- demo.ClassTwo -->
