<?xml version="1.0" encoding="UTF-8"?>
<!-- Generated by org.testng.reporters.JUnitReportReporter -->
<testsuite hostname="MacBook-Air.local" name="sample.Sampleclass" tests="2" failures="0" timestamp="16 Apr 2016 02:49:22 GMT" time="6.012" errors="0">
  <testcase name="testtwo" time="2.572" classname="sample.Sampleclass"/>
  <testcase name="testone" time="3.440" classname="sample.Sampleclass"/>
</testsuite> <!-- sample.Sampleclass -->
