<?xml version="1.0" encoding="UTF-8"?>
<!-- Generated by org.testng.reporters.JUnitReportReporter -->
<testsuite hostname="MacBook-Air.local" name="sample.DataProviderExample" tests="9" failures="0" timestamp="16 Apr 2016 04:52:28 GMT" time="30.479" errors="0">
  <testcase name="verifyBranchCreation" time="4.061" classname="sample.DataProviderExample"/>
  <testcase name="verifyBranchCreation" time="4.942" classname="sample.DataProviderExample"/>
  <testcase name="verifyBranchCreation" time="3.216" classname="sample.DataProviderExample"/>
  <testcase name="verifyBranchCreation" time="2.974" classname="sample.DataProviderExample"/>
  <testcase name="verifyBranchCreation" time="3.070" classname="sample.DataProviderExample"/>
  <testcase name="verifyBranchCreation" time="3.017" classname="sample.DataProviderExample"/>
  <testcase name="verifyBranchCreation" time="3.014" classname="sample.DataProviderExample"/>
  <testcase name="verifyBranchCreation" time="3.187" classname="sample.DataProviderExample"/>
  <testcase name="verifyBranchCreation" time="2.998" classname="sample.DataProviderExample"/>
</testsuite> <!-- sample.DataProviderExample -->
