<?xml version="1.0" encoding="UTF-8"?>
<!-- Generated by org.testng.reporters.JUnitReportReporter -->
<testsuite hostname="MacBook-Air.local" name="sample.SampleClassTwo" tests="3" failures="0" timestamp="15 Apr 2016 13:46:41 GMT" time="35.894" errors="0">
  <testcase name="methodThree" time="9.701" classname="sample.SampleClassTwo"/>
  <testcase name="methodThree" time="14.186" classname="sample.SampleClassTwo"/>
  <testcase name="methodThree" time="12.007" classname="sample.SampleClassTwo"/>
</testsuite> <!-- sample.SampleClassTwo -->
